# JRE version: Java(TM) SE Runtime Environment (8.0_131-b11) (build 1.8.0_131-b11)
# Java VM: Java HotSpot(TM) Client VM (25.131-b11 mixed mode windows-x86 )
Heap:
 def new generation   total 20992K, used 7051K [0x04800000, 0x05ec0000, 0x0f2a0000)
  eden space 18688K,  32% used [0x04800000, 0x04de32f0, 0x05a40000)
  from space 2304K,  44% used [0x05c80000, 0x05d7fc88, 0x05ec0000)
  to   space 2304K,   0% used [0x05a40000, 0x05a40000, 0x05c80000)
 tenured generation   total 46480K, used 29495K [0x0f2a0000, 0x12004000, 0x24800000)
   the space 46480K,  63% used [0x0f2a0000, 0x10f6de38, 0x10f6e000, 0x12004000)
 Metaspace       used 16164K, capacity 16368K, committed 16512K, reserved 17792K
GC Heap History (10 events):
Event: 8.515 GC heap before
{Heap before GC invocations=5 (full 0):
 def new generation   total 19648K, used 19647K [0x04800000, 0x05d50000, 0x0f2a0000)
  eden space 17472K, 100% used [0x04800000, 0x05910000, 0x05910000)
  from space 2176K,  99% used [0x05b30000, 0x05d4fff8, 0x05d50000)
  to   space 2176K,   0% used [0x05910000, 0x05910000, 0x05b30000)
 tenured generation   total 43712K, used 21211K [0x0f2a0000, 0x11d50000, 0x24800000)
   the space 43712K,  48% used [0x0f2a0000, 0x10756e78, 0x10757000, 0x11d50000)
 Metaspace       used 10623K, capacity 10791K, committed 10880K, reserved 11648K
Event: 8.563 GC heap after
Heap after GC invocations=6 (full 0):
 def new generation   total 19648K, used 2176K [0x04800000, 0x05d50000, 0x0f2a0000)
  eden space 17472K,   0% used [0x04800000, 0x04800000, 0x05910000)
  from space 2176K, 100% used [0x05910000, 0x05b30000, 0x05b30000)
  to   space 2176K,   0% used [0x05b30000, 0x05b30000, 0x05d50000)
 tenured generation   total 43712K, used 27619K [0x0f2a0000, 0x11d50000, 0x24800000)
   the space 43712K,  63% used [0x0f2a0000, 0x10d98d30, 0x10d98e00, 0x11d50000)
 Metaspace       used 10623K, capacity 10791K, committed 10880K, reserved 11648K
}
Event: 8.955 GC heap before
{Heap before GC invocations=6 (full 0):
 def new generation   total 19648K, used 9415K [0x04800000, 0x05d50000, 0x0f2a0000)
  eden space 17472K,  41% used [0x04800000, 0x04f11c98, 0x05910000)
  from space 2176K, 100% used [0x05910000, 0x05b30000, 0x05b30000)
  to   space 2176K,   0% used [0x05b30000, 0x05b30000, 0x05d50000)
 tenured generation   total 43712K, used 27619K [0x0f2a0000, 0x11d50000, 0x24800000)
   the space 43712K,  63% used [0x0f2a0000, 0x10d98d30, 0x10d98e00, 0x11d50000)
 Metaspace       used 12119K, capacity 12263K, committed 12288K, reserved 12672K
Event: 9.104 GC heap after
Heap after GC invocations=7 (full 1):
 def new generation   total 20992K, used 0K [0x04800000, 0x05ec0000, 0x0f2a0000)
  eden space 18688K,   0% used [0x04800000, 0x04800000, 0x05a40000)
  from space 2304K,   0% used [0x05a40000, 0x05a40000, 0x05c80000)
  to   space 2304K,   0% used [0x05c80000, 0x05c80000, 0x05ec0000)
 tenured generation   total 46480K, used 27886K [0x0f2a0000, 0x12004000, 0x24800000)
   the space 46480K,  59% used [0x0f2a0000, 0x10ddbb00, 0x10ddbc00, 0x12004000)
 Metaspace       used 12119K, capacity 12263K, committed 12288K, reserved 12672K
}
Event: 9.855 GC heap before
{Heap before GC invocations=7 (full 1):
 def new generation   total 20992K, used 18688K [0x04800000, 0x05ec0000, 0x0f2a0000)
  eden space 18688K, 100% used [0x04800000, 0x05a40000, 0x05a40000)
  from space 2304K,   0% used [0x05a40000, 0x05a40000, 0x05c80000)
  to   space 2304K,   0% used [0x05c80000, 0x05c80000, 0x05ec0000)
 tenured generation   total 46480K, used 27886K [0x0f2a0000, 0x12004000, 0x24800000)
   the space 46480K,  59% used [0x0f2a0000, 0x10ddbb00, 0x10ddbc00, 0x12004000)
 Metaspace       used 14296K, capacity 14473K, committed 14592K, reserved 14720K
Event: 9.865 GC heap after
Heap after GC invocations=8 (full 1):
 def new generation   total 20992K, used 2303K [0x04800000, 0x05ec0000, 0x0f2a0000)
  eden space 18688K,   0% used [0x04800000, 0x04800000, 0x05a40000)
  from space 2304K,  99% used [0x05c80000, 0x05ebfff8, 0x05ec0000)
  to   space 2304K,   0% used [0x05a40000, 0x05a40000, 0x05c80000)
 tenured generation   total 46480K, used 28334K [0x0f2a0000, 0x12004000, 0x24800000)
   the space 46480K,  60% used [0x0f2a0000, 0x10e4bbd8, 0x10e4bc00, 0x12004000)
 Metaspace       used 14296K, capacity 14473K, committed 14592K, reserved 14720K
}
Event: 11.035 GC heap before
{Heap before GC invocations=8 (full 1):
 def new generation   total 20992K, used 20991K [0x04800000, 0x05ec0000, 0x0f2a0000)
  eden space 18688K, 100% used [0x04800000, 0x05a40000, 0x05a40000)
  from space 2304K,  99% used [0x05c80000, 0x05ebfff8, 0x05ec0000)
  to   space 2304K,   0% used [0x05a40000, 0x05a40000, 0x05c80000)
 tenured generation   total 46480K, used 28334K [0x0f2a0000, 0x12004000, 0x24800000)
   the space 46480K,  60% used [0x0f2a0000, 0x10e4bbd8, 0x10e4bc00, 0x12004000)
 Metaspace       used 15558K, capacity 15726K, committed 15744K, reserved 16768K
Event: 11.046 GC heap after
Heap after GC invocations=9 (full 1):
 def new generation   total 20992K, used 1676K [0x04800000, 0x05ec0000, 0x0f2a0000)
  eden space 18688K,   0% used [0x04800000, 0x04800000, 0x05a40000)
  from space 2304K,  72% used [0x05a40000, 0x05be3198, 0x05c80000)
  to   space 2304K,   0% used [0x05c80000, 0x05c80000, 0x05ec0000)
 tenured generation   total 46480K, used 29069K [0x0f2a0000, 0x12004000, 0x24800000)
   the space 46480K,  62% used [0x0f2a0000, 0x10f034d8, 0x10f03600, 0x12004000)
 Metaspace       used 15558K, capacity 15726K, committed 15744K, reserved 16768K
}
Event: 11.591 GC heap before
{Heap before GC invocations=9 (full 1):
 def new generation   total 20992K, used 20364K [0x04800000, 0x05ec0000, 0x0f2a0000)
  eden space 18688K, 100% used [0x04800000, 0x05a40000, 0x05a40000)
  from space 2304K,  72% used [0x05a40000, 0x05be3198, 0x05c80000)
  to   space 2304K,   0% used [0x05c80000, 0x05c80000, 0x05ec0000)
 tenured generation   total 46480K, used 29069K [0x0f2a0000, 0x12004000, 0x24800000)
   the space 46480K,  62% used [0x0f2a0000, 0x10f034d8, 0x10f03600, 0x12004000)
 Metaspace       used 16156K, capacity 16360K, committed 16512K, reserved 17792K
Event: 11.601 GC heap after
Heap after GC invocations=10 (full 1):
 def new generation   total 20992K, used 1023K [0x04800000, 0x05ec0000, 0x0f2a0000)
  eden space 18688K,   0% used [0x04800000, 0x04800000, 0x05a40000)
  from space 2304K,  44% used [0x05c80000, 0x05d7fc88, 0x05ec0000)
  to   space 2304K,   0% used [0x05a40000, 0x05a40000, 0x05c80000)
 tenured generation   total 46480K, used 29495K [0x0f2a0000, 0x12004000, 0x24800000)
   the space 46480K,  63% used [0x0f2a0000, 0x10f6de38, 0x10f6e000, 0x12004000)
 Metaspace       used 16156K, capacity 16360K, committed 16512K, reserved 17792K
}

